Arguments: 
  /Users/zfp/.nvm/versions/node/v14.4.0/bin/node /Users/zfp/.nvm/versions/node/v14.4.0/bin/yarn

PATH: 
  /Users/zfp/.config/dotfiles/bin:/Users/zfp/.config/dotfiles/bin:/Users/zfp/.config/dotfiles/bin:/Users/zfp/Documents/apache-maven-3.5.3//bin:/Applications/MAMP/bin/php/php5.6.40/bin:/Users/zfp/.nvm/versions/node/v14.4.0/bin:/Library/Frameworks/Python.framework/Versions/3.7/bin:/Users/zfp/Library/Android/sdk/platform-tools:/Users/zfp/Library/Android/sdk/tools:/Library/Java/JavaVirtualMachines/jdk-11.0.2.jdk/Contents/Home/bin:/Library/Frameworks/Python.framework/Versions/3.7/bin:/Library/Frameworks/Python.framework/Versions/3.6/bin:/usr/local/bin:/usr/bin:/bin:/usr/sbin:/sbin:/Applications/VMware Fusion.app/Contents/Public:/Library/Apple/usr/bin:/Library/Frameworks/Mono.framework/Versions/Current/Commands:/usr/local/mysql/bin:/usr/local/MongoDB/bin:/Users/zfp/Documents/flutter/bin:/Users/zfp/.nvm/versions/node/v14.4.0/bin:/Library/Frameworks/Python.framework/Versions/3.7/bin:/Users/zfp/Library/Android/sdk/platform-tools:/Users/zfp/Library/Android/sdk/tools:/Library/Java/JavaVirtualMachines/jdk-11.0.2.jdk/Contents/Home/bin:/Library/Frameworks/Python.framework/Versions/3.7/bin:/Library/Frameworks/Python.framework/Versions/3.6/bin:/usr/local/bin:/usr/bin:/bin:/usr/sbin:/sbin:/Applications/VMware Fusion.app/Contents/Public:/Library/Apple/usr/bin:/Library/Frameworks/Mono.framework/Versions/Current/Commands:/usr/local/mysql/bin:/usr/local/MongoDB/bin:/Users/zfp/.nvm/versions/node/v12.15.0/lib/node_modules/grunt-cli/bin:/Users/zfp/.nvm/versions/node/v14.4.0/bin:/Library/Frameworks/Python.framework/Versions/3.7/bin:/Users/zfp/Library/Android/sdk/platform-tools:/Users/zfp/Library/Android/sdk/tools:/Library/Java/JavaVirtualMachines/jdk-11.0.2.jdk/Contents/Home/bin:/Library/Frameworks/Python.framework/Versions/3.7/bin:/Library/Frameworks/Python.framework/Versions/3.6/bin:/usr/local/bin:/usr/bin:/bin:/usr/sbin:/sbin:/Applications/VMware Fusion.app/Contents/Public:/Library/Apple/usr/bin:/Library/Frameworks/Mono.framework/Versions/Current/Commands:/usr/local/mysql/bin:/usr/local/MongoDB/bin:/Users/zfp/Documents/flutter/bin:/Users/zfp/.nvm/versions/node/v14.4.0/bin:/Library/Frameworks/Python.framework/Versions/3.7/bin:/Users/zfp/Library/Android/sdk/platform-tools:/Users/zfp/Library/Android/sdk/tools:/Library/Java/JavaVirtualMachines/jdk-11.0.2.jdk/Contents/Home/bin:/Library/Frameworks/Python.framework/Versions/3.7/bin:/Library/Frameworks/Python.framework/Versions/3.6/bin:/usr/local/bin:/usr/bin:/bin:/usr/sbin:/sbin:/Applications/VMware Fusion.app/Contents/Public:/Library/Apple/usr/bin:/Library/Frameworks/Mono.framework/Versions/Current/Commands:/usr/local/mysql/bin:/usr/local/MongoDB/bin:/usr/local/sbin:/usr/local/bin:/sbin:/bin:/usr/sbin:/usr/bin

Yarn version: 
  1.22.10

Node version: 
  14.4.0

Platform: 
  darwin x64

Trace: 
  Error: ENOENT: no such file or directory, copyfile '/Users/zfp/Library/Caches/Yarn/v6/npm-ms-2.1.3-574c8138ce1d2b5861f0b44579dbadd60c6615b2-integrity/node_modules/ms/index.js' -> '/Users/zfp/Desktop/nearproject/node_modules/portfinder/node_modules/ms/index.js'

npm manifest: 
  {
    "name": "taroConvert",
    "version": "1.0.0",
    "private": true,
    "description": "",
    "templateInfo": {
      "name": "default",
      "typescript": false,
      "css": "sass"
    },
    "scripts": {
      "build:weapp": "taro build --type weapp",
      "build:swan": "taro build --type swan",
      "build:alipay": "taro build --type alipay",
      "build:tt": "taro build --type tt",
      "build:h5": "taro build --type h5",
      "build:rn": "taro build --type rn",
      "build:qq": "taro build --type qq",
      "build:jd": "taro build --type jd",
      "build:quickapp": "taro build --type quickapp",
      "dev:weapp": "npm run build:weapp -- --watch",
      "dev:swan": "npm run build:swan -- --watch",
      "dev:alipay": "npm run build:alipay -- --watch",
      "dev:tt": "npm run build:tt -- --watch",
      "dev:h5": "npm run build:h5 -- --watch",
      "dev:rn": "npm run build:rn -- --watch",
      "dev:qq": "npm run build:qq -- --watch",
      "dev:jd": "npm run build:jd -- --watch",
      "dev:quickapp": "npm run build:quickapp -- --watch"
    },
    "browserslist": [
      "last 3 versions",
      "Android >= 4.1",
      "ios >= 8"
    ],
    "author": "",
    "dependencies": {
      "@babel/runtime": "^7.7.7",
      "@tarojs/components": "3.0.24",
      "@tarojs/react": "3.0.24",
      "@tarojs/runtime": "3.0.24",
      "@tarojs/taro": "3.0.24",
      "@tarojs/with-weapp": "^3.0.24",
      "clipboard": "^2.0.6",
      "react": "^16.10.0",
      "react-copy-to-clipboard": "^5.0.3",
      "react-dom": "^16.10.0"
    },
    "devDependencies": {
      "@types/webpack-env": "^1.13.6",
      "@types/react": "^16.0.0",
      "@tarojs/mini-runner": "3.0.24",
      "@babel/core": "^7.8.0",
      "@tarojs/webpack-runner": "3.0.24",
      "babel-preset-taro": "3.0.24",
      "eslint-config-taro": "3.0.24",
      "eslint": "^6.8.0",
      "eslint-plugin-react": "^7.8.2",
      "eslint-plugin-import": "^2.12.0",
      "eslint-plugin-react-hooks": "^1.6.1",
      "stylelint": "9.3.0"
    }
  }

yarn manifest: 
  No manifest

Lockfile: 
  No lockfile
